# JRE version: Java(TM) SE Runtime Environment (8.0_25-b18) (build 1.8.0_25-b18)
# Java VM: Java HotSpot(TM) 64-Bit Server VM (25.25-b02 mixed mode windows-amd64 compressed oops)
Heap:
 PSYoungGen      total 266752K, used 83329K [0x00000000eab00000, 0x00000000fef80000, 0x0000000100000000)
  eden space 238080K, 23% used [0x00000000eab00000,0x00000000ee083a18,0x00000000f9380000)
  from space 28672K, 99% used [0x00000000f9d00000,0x00000000fb8dcb40,0x00000000fb900000)
  to   space 47104K, 0% used [0x00000000fc180000,0x00000000fc180000,0x00000000fef80000)
 ParOldGen       total 201728K, used 82186K [0x00000000c0000000, 0x00000000cc500000, 0x00000000eab00000)
  object space 201728K, 40% used [0x00000000c0000000,0x00000000c5042bb8,0x00000000cc500000)
 Metaspace       used 119704K, capacity 122811K, committed 125440K, reserved 1157120K
  class space    used 16007K, capacity 17065K, committed 17920K, reserved 1048576K
GC Heap History (10 events):
Event: 5179.943 GC heap before
{Heap before GC invocations=55 (full 15):
 PSYoungGen      total 298496K, used 11207K [0x00000000eab00000, 0x0000000100000000, 0x0000000100000000)
  eden space 247808K, 0% used [0x00000000eab00000,0x00000000eab00000,0x00000000f9d00000)
  from space 50688K, 22% used [0x00000000fce80000,0x00000000fd971e20,0x0000000100000000)
  to   space 50688K, 0% used [0x00000000f9d00000,0x00000000f9d00000,0x00000000fce80000)
 ParOldGen       total 201728K, used 116402K [0x00000000c0000000, 0x00000000cc500000, 0x00000000eab00000)
  object space 201728K, 57% used [0x00000000c0000000,0x00000000c71ac8e0,0x00000000cc500000)
 Metaspace       used 106569K, capacity 110901K, committed 113664K, reserved 1144832K
  class space    used 14471K, capacity 16052K, committed 17920K, reserved 1048576K
Event: 5180.531 GC heap after
Heap after GC invocations=55 (full 15):
 PSYoungGen      total 298496K, used 0K [0x00000000eab00000, 0x0000000100000000, 0x0000000100000000)
  eden space 247808K, 0% used [0x00000000eab00000,0x00000000eab00000,0x00000000f9d00000)
  from space 50688K, 0% used [0x00000000fce80000,0x00000000fce80000,0x0000000100000000)
  to   space 50688K, 0% used [0x00000000f9d00000,0x00000000f9d00000,0x00000000fce80000)
 ParOldGen       total 201728K, used 71613K [0x00000000c0000000, 0x00000000cc500000, 0x00000000eab00000)
  object space 201728K, 35% used [0x00000000c0000000,0x00000000c45ef650,0x00000000cc500000)
 Metaspace       used 104453K, capacity 106229K, committed 113664K, reserved 1144832K
  class space    used 13778K, capacity 14396K, committed 17920K, reserved 1048576K
}
Event: 6153.393 GC heap before
{Heap before GC invocations=56 (full 15):
 PSYoungGen      total 298496K, used 247808K [0x00000000eab00000, 0x0000000100000000, 0x0000000100000000)
  eden space 247808K, 100% used [0x00000000eab00000,0x00000000f9d00000,0x00000000f9d00000)
  from space 50688K, 0% used [0x00000000fce80000,0x00000000fce80000,0x0000000100000000)
  to   space 50688K, 0% used [0x00000000f9d00000,0x00000000f9d00000,0x00000000fce80000)
 ParOldGen       total 201728K, used 71613K [0x00000000c0000000, 0x00000000cc500000, 0x00000000eab00000)
  object space 201728K, 35% used [0x00000000c0000000,0x00000000c45ef650,0x00000000cc500000)
 Metaspace       used 111292K, capacity 113979K, committed 118272K, reserved 1148928K
  class space    used 14785K, capacity 15708K, committed 17920K, reserved 1048576K
Event: 6153.425 GC heap after
Heap after GC invocations=56 (full 15):
 PSYoungGen      total 274432K, used 26426K [0x00000000eab00000, 0x00000000ffd00000, 0x0000000100000000)
  eden space 247808K, 0% used [0x00000000eab00000,0x00000000eab00000,0x00000000f9d00000)
  from space 26624K, 99% used [0x00000000f9d00000,0x00000000fb6ce958,0x00000000fb700000)
  to   space 49152K, 0% used [0x00000000fcd00000,0x00000000fcd00000,0x00000000ffd00000)
 ParOldGen       total 201728K, used 71621K [0x00000000c0000000, 0x00000000cc500000, 0x00000000eab00000)
  object space 201728K, 35% used [0x00000000c0000000,0x00000000c45f1650,0x00000000cc500000)
 Metaspace       used 111292K, capacity 113979K, committed 118272K, reserved 1148928K
  class space    used 14785K, capacity 15708K, committed 17920K, reserved 1048576K
}
Event: 6155.504 GC heap before
{Heap before GC invocations=57 (full 15):
 PSYoungGen      total 274432K, used 112767K [0x00000000eab00000, 0x00000000ffd00000, 0x0000000100000000)
  eden space 247808K, 34% used [0x00000000eab00000,0x00000000eff51610,0x00000000f9d00000)
  from space 26624K, 99% used [0x00000000f9d00000,0x00000000fb6ce958,0x00000000fb700000)
  to   space 49152K, 0% used [0x00000000fcd00000,0x00000000fcd00000,0x00000000ffd00000)
 ParOldGen       total 201728K, used 71621K [0x00000000c0000000, 0x00000000cc500000, 0x00000000eab00000)
  object space 201728K, 35% used [0x00000000c0000000,0x00000000c45f1650,0x00000000cc500000)
 Metaspace       used 112212K, capacity 114881K, committed 119040K, reserved 1150976K
  class space    used 14929K, capacity 15862K, committed 17920K, reserved 1048576K
Event: 6155.533 GC heap after
Heap after GC invocations=57 (full 15):
 PSYoungGen      total 294912K, used 16909K [0x00000000eab00000, 0x00000000ffb00000, 0x0000000100000000)
  eden space 247808K, 0% used [0x00000000eab00000,0x00000000eab00000,0x00000000f9d00000)
  from space 47104K, 35% used [0x00000000fcd00000,0x00000000fdd83750,0x00000000ffb00000)
  to   space 48128K, 0% used [0x00000000f9d00000,0x00000000f9d00000,0x00000000fcc00000)
 ParOldGen       total 201728K, used 71621K [0x00000000c0000000, 0x00000000cc500000, 0x00000000eab00000)
  object space 201728K, 35% used [0x00000000c0000000,0x00000000c45f1650,0x00000000cc500000)
 Metaspace       used 112212K, capacity 114881K, committed 119040K, reserved 1150976K
  class space    used 14929K, capacity 15862K, committed 17920K, reserved 1048576K
}
Event: 6155.533 GC heap before
{Heap before GC invocations=58 (full 16):
 PSYoungGen      total 294912K, used 16909K [0x00000000eab00000, 0x00000000ffb00000, 0x0000000100000000)
  eden space 247808K, 0% used [0x00000000eab00000,0x00000000eab00000,0x00000000f9d00000)
  from space 47104K, 35% used [0x00000000fcd00000,0x00000000fdd83750,0x00000000ffb00000)
  to   space 48128K, 0% used [0x00000000f9d00000,0x00000000f9d00000,0x00000000fcc00000)
 ParOldGen       total 201728K, used 71621K [0x00000000c0000000, 0x00000000cc500000, 0x00000000eab00000)
  object space 201728K, 35% used [0x00000000c0000000,0x00000000c45f1650,0x00000000cc500000)
 Metaspace       used 112212K, capacity 114881K, committed 119040K, reserved 1150976K
  class space    used 14929K, capacity 15862K, committed 17920K, reserved 1048576K
Event: 6156.325 GC heap after
Heap after GC invocations=58 (full 16):
 PSYoungGen      total 294912K, used 0K [0x00000000eab00000, 0x00000000ffb00000, 0x0000000100000000)
  eden space 247808K, 0% used [0x00000000eab00000,0x00000000eab00000,0x00000000f9d00000)
  from space 47104K, 0% used [0x00000000fcd00000,0x00000000fcd00000,0x00000000ffb00000)
  to   space 48128K, 0% used [0x00000000f9d00000,0x00000000f9d00000,0x00000000fcc00000)
 ParOldGen       total 201728K, used 82178K [0x00000000c0000000, 0x00000000cc500000, 0x00000000eab00000)
  object space 201728K, 40% used [0x00000000c0000000,0x00000000c5040bb8,0x00000000cc500000)
 Metaspace       used 111829K, capacity 114079K, committed 119040K, reserved 1150976K
  class space    used 14831K, capacity 15607K, committed 17920K, reserved 1048576K
}
Event: 16596.901 GC heap before
{Heap before GC invocations=59 (full 16):
 PSYoungGen      total 294912K, used 247808K [0x00000000eab00000, 0x00000000ffb00000, 0x0000000100000000)
  eden space 247808K, 100% used [0x00000000eab00000,0x00000000f9d00000,0x00000000f9d00000)
  from space 47104K, 0% used [0x00000000fcd00000,0x00000000fcd00000,0x00000000ffb00000)
  to   space 48128K, 0% used [0x00000000f9d00000,0x00000000f9d00000,0x00000000fcc00000)
 ParOldGen       total 201728K, used 82178K [0x00000000c0000000, 0x00000000cc500000, 0x00000000eab00000)
  object space 201728K, 40% used [0x00000000c0000000,0x00000000c5040bb8,0x00000000cc500000)
 Metaspace       used 119395K, capacity 122361K, committed 125184K, reserved 1157120K
  class space    used 15946K, capacity 16997K, committed 17920K, reserved 1048576K
Event: 16596.934 GC heap after
Heap after GC invocations=59 (full 16):
 PSYoungGen      total 266752K, used 28530K [0x00000000eab00000, 0x00000000fef80000, 0x0000000100000000)
  eden space 238080K, 0% used [0x00000000eab00000,0x00000000eab00000,0x00000000f9380000)
  from space 28672K, 99% used [0x00000000f9d00000,0x00000000fb8dcb40,0x00000000fb900000)
  to   space 47104K, 0% used [0x00000000fc180000,0x00000000fc180000,0x00000000fef80000)
 ParOldGen       total 201728K, used 82186K [0x00000000c0000000, 0x00000000cc500000, 0x00000000eab00000)
  object space 201728K, 40% used [0x00000000c0000000,0x00000000c5042bb8,0x00000000cc500000)
 Metaspace       used 119395K, capacity 122361K, committed 125184K, reserved 1157120K
  class space    used 15946K, capacity 16997K, committed 17920K, reserved 1048576K
}

